Error processing line 1 of c:\ProgramData\robocorp\ht\584d28d_b1f3c24_66529ced\lib\site-packages\distutils-precedence.pth:

  Traceback (most recent call last):
    File "c:\ProgramData\robocorp\ht\584d28d_b1f3c24_66529ced\lib\site.py", line 186, in addpackage
      exec(line)
    File "<string>", line 1, in <module>
  ModuleNotFoundError: No module named '_distutils_hack'

Remainder of file ignored
[ ERROR ] Error in file 'C:\Vinodh\Work\Pythonbase\Robot Framework\testscenarios\testautomationpractice.robot' on line 6: Importing library 'SeleniumLibrary' failed: ModuleNotFoundError: No module named 'SeleniumLibrary'
Traceback (most recent call last):
  None
PYTHONPATH:
  C:\Vinodh\Work\Pythonbase\Robot Framework\core
  C:\ProgramData\robocorp\ht\Scripts\robot.exe
  C:\ProgramData\robocorp\ht\584d28d_b1f3c24_66529ced\python310.zip
  c:\ProgramData\robocorp\ht\584d28d_b1f3c24_66529ced\DLLs
  c:\ProgramData\robocorp\ht\584d28d_b1f3c24_66529ced\lib
  c:\ProgramData\robocorp\ht\584d28d_b1f3c24_66529ced
  C:\ProgramData\robocorp\ht
  C:\ProgramData\robocorp\ht\lib\site-packages
  c:\ProgramData\robocorp\ht\584d28d_b1f3c24_66529ced\lib\site-packages
  c:\ProgramData\robocorp\ht\584d28d_b1f3c24_66529ced\lib\site-packages\win32
  c:\ProgramData\robocorp\ht\584d28d_b1f3c24_66529ced\lib\site-packages\win32\lib
  c:\ProgramData\robocorp\ht\584d28d_b1f3c24_66529ced\lib\site-packages\Pythonwin
[ ERROR ] Error in file 'C:\Vinodh\Work\Pythonbase\Robot Framework\core\env.resource' on line 14: Importing library 'excel_config.ExcelConfig' failed: ModuleNotFoundError: No module named 'openpyxl'
Traceback (most recent call last):
  File "C:\Vinodh\Work\Pythonbase\Robot Framework\core\excel_config.py", line 17, in <module>
    import openpyxl
PYTHONPATH:
  C:\Vinodh\Work\Pythonbase\Robot Framework\core
  C:\ProgramData\robocorp\ht\Scripts\robot.exe
  C:\ProgramData\robocorp\ht\584d28d_b1f3c24_66529ced\python310.zip
  c:\ProgramData\robocorp\ht\584d28d_b1f3c24_66529ced\DLLs
  c:\ProgramData\robocorp\ht\584d28d_b1f3c24_66529ced\lib
  c:\ProgramData\robocorp\ht\584d28d_b1f3c24_66529ced
  C:\ProgramData\robocorp\ht
  C:\ProgramData\robocorp\ht\lib\site-packages
  c:\ProgramData\robocorp\ht\584d28d_b1f3c24_66529ced\lib\site-packages
  c:\ProgramData\robocorp\ht\584d28d_b1f3c24_66529ced\lib\site-packages\win32
  c:\ProgramData\robocorp\ht\584d28d_b1f3c24_66529ced\lib\site-packages\win32\lib
  c:\ProgramData\robocorp\ht\584d28d_b1f3c24_66529ced\lib\site-packages\Pythonwin
