==============================================================================
Testscenarios
==============================================================================
Testscenarios.sp BDD :: BDD-style login tests driven by credentials from da...
==============================================================================
Login With Admin :: Verify successful login with valid admin crede... | FAIL |
Parent suite setup failed:
No keyword with name 'Load Environment Variables As Suite Variables' found. Did you try using keyword 'env.Load Environment Variables' and forgot to use enough whitespace between keyword and arguments?
------------------------------------------------------------------------------
Login With Invalid User :: Verify login fails and shows error with... | FAIL |
Parent suite setup failed:
No keyword with name 'Load Environment Variables As Suite Variables' found. Did you try using keyword 'env.Load Environment Variables' and forgot to use enough whitespace between keyword and arguments?
------------------------------------------------------------------------------
Testscenarios.sp BDD :: BDD-style login tests driven by credential... | FAIL |
Suite setup failed:
No keyword with name 'Load Environment Variables As Suite Variables' found. Did you try using keyword 'env.Load Environment Variables' and forgot to use enough whitespace between keyword and arguments?

2 tests, 0 passed, 2 failed
==============================================================================
Testscenarios                                                         | FAIL |
2 tests, 0 passed, 2 failed
==============================================================================
Output:  C:\Vinodh\Work\Pythonbase\Robot Framework\core\..\reports\pabot_results\6\output.xml
